<html>
<head>
<title>TestNG:  Test</title>
<link href="../testng.css" rel="stylesheet" type="text/css" />
<link href="../my-testng.css" rel="stylesheet" type="text/css" />

<style type="text/css">
.log { display: none;} 
.stack-trace { display: none;} 
</style>
<script type="text/javascript">
<!--
function flip(e) {
  current = e.style.display;
  if (current == 'block') {
    e.style.display = 'none';
    return 0;
  }
  else {
    e.style.display = 'block';
    return 1;
  }
}

function toggleBox(szDivId, elem, msg1, msg2)
{
  var res = -1;  if (document.getElementById) {
    res = flip(document.getElementById(szDivId));
  }
  else if (document.all) {
    // this is the way old msie versions work
    res = flip(document.all[szDivId]);
  }
  if(elem) {
    if(res == 0) elem.innerHTML = msg1; else elem.innerHTML = msg2;
  }

}

function toggleAllBoxes() {
  if (document.getElementsByTagName) {
    d = document.getElementsByTagName('div');
    for (i = 0; i < d.length; i++) {
      if (d[i].className == 'log') {
        flip(d[i]);
      }
    }
  }
}

// -->
</script>

</head>
<body>
<h2 align='center'>Test</h2><table border='1' align="center">
<tr>
<td>Tests passed/Failed/Skipped:</td><td>0/1/0</td>
</tr><tr>
<td>Started on:</td><td>Thu Dec 07 22:05:39 IST 2017</td>
</tr>
<tr><td>Total time:</td><td>45 seconds (45642 ms)</td>
</tr><tr>
<td>Included groups:</td><td></td>
</tr><tr>
<td>Excluded groups:</td><td></td>
</tr>
</table><p/>
<small><i>(Hover the method name to see the test class name)</i></small><p/>
<table width='100%' border='1' class='invocation-failed'>
<tr><td colspan='4' align='center'><b>FAILED TESTS</b></td></tr>
<tr><td><b>Test method</b></td>
<td width="30%"><b>Exception</b></td>
<td width="10%"><b>Time (seconds)</b></td>
<td><b>Instance</b></td>
</tr>
<tr>
<td title='example.NewTest.testgooglrsearch()'><b>testgooglrsearch</b><br>Test class: example.NewTest</td>
<td><div><pre>org.openqa.selenium.WebDriverException: Failed to connect to binary FirefoxBinary(/usr/bin/firefox) on port 7055; process output follows: 
rredSave.webext.sc.lz4	DEBUG	Save changes
1512664541713	DeferredSave.webext.sc.lz4	DEBUG	Save changes
1512664541714	DeferredSave.webext.sc.lz4	DEBUG	Save changes
1512664541715	DeferredSave.webext.sc.lz4	DEBUG	Save changes
1512664541716	DeferredSave.webext.sc.lz4	DEBUG	Save changes
1512664541716	DeferredSave.webext.sc.lz4	DEBUG	Save changes
1512664541717	DeferredSave.webext.sc.lz4	DEBUG	Save changes
1512664541717	DeferredSave.webext.sc.lz4	DEBUG	Save changes
1512664541719	DeferredSave.webext.sc.lz4	DEBUG	Save changes
1512664541719	DeferredSave.webext.sc.lz4	DEBUG	Save changes
1512664541720	DeferredSave.webext.sc.lz4	DEBUG	Save changes
1512664541722	DeferredSave.webext.sc.lz4	DEBUG	Save changes
1512664541722	DeferredSave.webext.sc.lz4	DEBUG	Save changes
1512664541724	DeferredSave.webext.sc.lz4	DEBUG	Save changes
1512664541726	DeferredSave.webext.sc.lz4	DEBUG	Save changes
1512664541727	DeferredSave.webext.sc.lz4	DEBUG	Save changes
1512664541729	DeferredSave.webext.sc.lz4	DEBUG	Save changes
1512664541733	DeferredSave.webext.sc.lz4	DEBUG	Save changes
1512664541766	DeferredSave.extensions.json	DEBUG	Write succeeded
1512664541766	addons.xpi-utils	DEBUG	XPI Database saved, setting schema version preference to 23
1512664541769	DeferredSave.addons.json	DEBUG	Write succeeded
1512664541774	DeferredSave.webext.sc.lz4	DEBUG	Write succeeded
1512664541774	DeferredSave.webext.sc.lz4	DEBUG	Starting timer
Extension error: Data is not ready. resource://gre/modules/JSONFile.jsm:158 :: get data@resource://gre/modules/JSONFile.jsm:158:13
_get@resource://gre/modules/ExtensionPermissions.jsm:61:9
observe@resource://gre/modules/AsyncShutdown.jsm:534:9

console.error: 
  Message: Error: Data is not ready.
  Stack:
    get data@resource://gre/modules/JSONFile.jsm:158:13
_get@resource://gre/modules/ExtensionPermissions.jsm:61:9
observe@resource://gre/modules/AsyncShutdown.jsm:534:9

*** UTM:SVC TimerManager:registerTimer called after profile-before-change notification. Ignoring timer registration for id: recipe-client-addon-run
1512664546778	DeferredSave.webext.sc.lz4	DEBUG	Starting write
1512664546781	DeferredSave.webext.sc.lz4	DEBUG	Write succeeded
WARNING: At least one completion condition is taking too long to complete. Conditions: [{&quot;name&quot;:&quot;EnvironmentAddonBuilder&quot;,&quot;state&quot;:&quot;(none)&quot;,&quot;filename&quot;:&quot;resource://gre/modules/TelemetryEnvironment.jsm&quot;,&quot;lineNumber&quot;:507,&quot;stack&quot;:[&quot;resource://gre/modules/TelemetryEnvironment.jsm:init:507&quot;,&quot;resource://gre/modules/TelemetryEnvironment.jsm:EnvironmentCache:869&quot;,&quot;resource://gre/modules/TelemetryEnvironment.jsm:getGlobal:63&quot;,&quot;resource://gre/modules/TelemetryEnvironment.jsm:get currentEnvironment:70&quot;,&quot;jar:file:///usr/lib/firefox/omni.ja!/components/TelemetryStartup.js:annotateEnvironment:42&quot;,&quot;jar:file:///usr/lib/firefox/omni.ja!/components/TelemetryStartup.js:TelemetryStartup.prototype.observe:32&quot;]}] Barrier: AddonManager: Waiting for providers to shut down.
WARNING: At least one completion condition is taking too long to complete. Conditions: [{&quot;name&quot;:&quot;AddonManager: shutting down.&quot;,&quot;state&quot;:[{&quot;name&quot;:&quot;AddonManager: Waiting for providers to shut down.&quot;,&quot;state&quot;:[{&quot;name&quot;:&quot;EnvironmentAddonBuilder&quot;,&quot;state&quot;:&quot;(none)&quot;,&quot;filename&quot;:&quot;resource://gre/modules/TelemetryEnvironment.jsm&quot;,&quot;lineNumber&quot;:507,&quot;stack&quot;:[&quot;resource://gre/modules/TelemetryEnvironment.jsm:init:507&quot;,&quot;resource://gre/modules/TelemetryEnvironment.jsm:EnvironmentCache:869&quot;,&quot;resource://gre/modules/TelemetryEnvironment.jsm:getGlobal:63&quot;,&quot;resource://gre/modules/TelemetryEnvironment.jsm:get currentEnvironment:70&quot;,&quot;jar:file:///usr/lib/firefox/omni.ja!/components/TelemetryStartup.js:annotateEnvironment:42&quot;,&quot;jar:file:///usr/lib/firefox/omni.ja!/components/TelemetryStartup.js:TelemetryStartup.prototype.observe:32&quot;]}]},{&quot;name&quot;:&quot;AddonRepository: async shutdown&quot;,&quot;state&quot;:&quot;pending&quot;}],&quot;filename&quot;:&quot;resource://gre/modules/AddonManager.jsm&quot;,&quot;lineNumber&quot;:889,&quot;stack&quot;:[&quot;resource://gre/modules/AddonManager.jsm:startup:889&quot;,&quot;resource://gre/modules/AddonManager.jsm:startup:3081&quot;,&quot;jar:file:///usr/lib/firefox/omni.ja!/components/addonManager.js:observe:65&quot;]}] Barrier: profile-before-change

Build info: version: &apos;2.45.0&apos;, revision: &apos;5017cb8e7ca8e37638dc3091b2440b90a1d8686f&apos;, time: &apos;2015-02-27 09:10:26&apos;
System info: host: &apos;RLE0468&apos;, ip: &apos;127.0.1.1&apos;, os.name: &apos;Linux&apos;, os.arch: &apos;amd64&apos;, os.version: &apos;4.10.0-19-generic&apos;, java.version: &apos;1.8.0_151&apos;
Driver info: driver.version: FirefoxDriver
	at org.openqa.selenium.firefox.internal.NewProfileExtensionConnection.start(NewProfileExtensionConnection.java:134)
	at org.openqa.selenium.firefox.FirefoxDriver.startClient(FirefoxDriver.java:246)
	at org.openqa.selenium.remote.RemoteWebDriver.&lt;init&gt;(RemoteWebDriver.java:114)
	at org.openqa.selenium.firefox.FirefoxDriver.&lt;init&gt;(FirefoxDriver.java:191)
	at org.openqa.selenium.firefox.FirefoxDriver.&lt;init&gt;(FirefoxDriver.java:186)
	at org.openqa.selenium.firefox.FirefoxDriver.&lt;init&gt;(FirefoxDriver.java:182)
	at org.openqa.selenium.firefox.FirefoxDriver.&lt;init&gt;(FirefoxDriver.java:95)
	at example.NewTest.testgooglrsearch(NewTest.java:16)
Caused by: org.openqa.selenium.WebDriverException: java.lang.InterruptedException: Process timed out after waiting for 45000 ms.
Build info: version: &apos;2.45.0&apos;, revision: &apos;5017cb8e7ca8e37638dc3091b2440b90a1d8686f&apos;, time: &apos;2015-02-27 09:10:26&apos;
System info: host: &apos;RLE0468&apos;, ip: &apos;127.0.1.1&apos;, os.name: &apos;Linux&apos;, os.arch: &apos;amd64&apos;, os.version: &apos;4.10.0-19-generic&apos;, java.version: &apos;1.8.0_151&apos;
Driver info: driver.version: FirefoxDriver
	at org.openqa.selenium.os.CommandLine.waitFor(CommandLine.java:131)
	at org.openqa.selenium.firefox.FirefoxBinary.waitFor(FirefoxBinary.java:222)
	at org.openqa.selenium.firefox.FirefoxBinary.clean(FirefoxBinary.java:242)
	at org.openqa.selenium.firefox.internal.NewProfileExtensionConnection.start(NewProfileExtensionConnection.java:91)
	... 31 more
Caused by: java.lang.InterruptedException: Process timed out after waiting for 45000 ms.
	at org.openqa.selenium.os.UnixProcess.waitFor(UnixProcess.java:148)
	at org.openqa.selenium.os.CommandLine.waitFor(CommandLine.java:129)
	... 34 more
... Removed 24 stack frames</pre></div><a href='#' onClick='toggleBox("stack-trace807752428", this, "Click to show all stack frames", "Click to hide stack frames")'>Click to show all stack frames</a>
<div class='stack-trace' id='stack-trace807752428'><pre>org.openqa.selenium.WebDriverException: Failed to connect to binary FirefoxBinary(/usr/bin/firefox) on port 7055; process output follows: 
rredSave.webext.sc.lz4	DEBUG	Save changes
1512664541713	DeferredSave.webext.sc.lz4	DEBUG	Save changes
1512664541714	DeferredSave.webext.sc.lz4	DEBUG	Save changes
1512664541715	DeferredSave.webext.sc.lz4	DEBUG	Save changes
1512664541716	DeferredSave.webext.sc.lz4	DEBUG	Save changes
1512664541716	DeferredSave.webext.sc.lz4	DEBUG	Save changes
1512664541717	DeferredSave.webext.sc.lz4	DEBUG	Save changes
1512664541717	DeferredSave.webext.sc.lz4	DEBUG	Save changes
1512664541719	DeferredSave.webext.sc.lz4	DEBUG	Save changes
1512664541719	DeferredSave.webext.sc.lz4	DEBUG	Save changes
1512664541720	DeferredSave.webext.sc.lz4	DEBUG	Save changes
1512664541722	DeferredSave.webext.sc.lz4	DEBUG	Save changes
1512664541722	DeferredSave.webext.sc.lz4	DEBUG	Save changes
1512664541724	DeferredSave.webext.sc.lz4	DEBUG	Save changes
1512664541726	DeferredSave.webext.sc.lz4	DEBUG	Save changes
1512664541727	DeferredSave.webext.sc.lz4	DEBUG	Save changes
1512664541729	DeferredSave.webext.sc.lz4	DEBUG	Save changes
1512664541733	DeferredSave.webext.sc.lz4	DEBUG	Save changes
1512664541766	DeferredSave.extensions.json	DEBUG	Write succeeded
1512664541766	addons.xpi-utils	DEBUG	XPI Database saved, setting schema version preference to 23
1512664541769	DeferredSave.addons.json	DEBUG	Write succeeded
1512664541774	DeferredSave.webext.sc.lz4	DEBUG	Write succeeded
1512664541774	DeferredSave.webext.sc.lz4	DEBUG	Starting timer
Extension error: Data is not ready. resource://gre/modules/JSONFile.jsm:158 :: get data@resource://gre/modules/JSONFile.jsm:158:13
_get@resource://gre/modules/ExtensionPermissions.jsm:61:9
observe@resource://gre/modules/AsyncShutdown.jsm:534:9

console.error: 
  Message: Error: Data is not ready.
  Stack:
    get data@resource://gre/modules/JSONFile.jsm:158:13
_get@resource://gre/modules/ExtensionPermissions.jsm:61:9
observe@resource://gre/modules/AsyncShutdown.jsm:534:9

*** UTM:SVC TimerManager:registerTimer called after profile-before-change notification. Ignoring timer registration for id: recipe-client-addon-run
1512664546778	DeferredSave.webext.sc.lz4	DEBUG	Starting write
1512664546781	DeferredSave.webext.sc.lz4	DEBUG	Write succeeded
WARNING: At least one completion condition is taking too long to complete. Conditions: [{&quot;name&quot;:&quot;EnvironmentAddonBuilder&quot;,&quot;state&quot;:&quot;(none)&quot;,&quot;filename&quot;:&quot;resource://gre/modules/TelemetryEnvironment.jsm&quot;,&quot;lineNumber&quot;:507,&quot;stack&quot;:[&quot;resource://gre/modules/TelemetryEnvironment.jsm:init:507&quot;,&quot;resource://gre/modules/TelemetryEnvironment.jsm:EnvironmentCache:869&quot;,&quot;resource://gre/modules/TelemetryEnvironment.jsm:getGlobal:63&quot;,&quot;resource://gre/modules/TelemetryEnvironment.jsm:get currentEnvironment:70&quot;,&quot;jar:file:///usr/lib/firefox/omni.ja!/components/TelemetryStartup.js:annotateEnvironment:42&quot;,&quot;jar:file:///usr/lib/firefox/omni.ja!/components/TelemetryStartup.js:TelemetryStartup.prototype.observe:32&quot;]}] Barrier: AddonManager: Waiting for providers to shut down.
WARNING: At least one completion condition is taking too long to complete. Conditions: [{&quot;name&quot;:&quot;AddonManager: shutting down.&quot;,&quot;state&quot;:[{&quot;name&quot;:&quot;AddonManager: Waiting for providers to shut down.&quot;,&quot;state&quot;:[{&quot;name&quot;:&quot;EnvironmentAddonBuilder&quot;,&quot;state&quot;:&quot;(none)&quot;,&quot;filename&quot;:&quot;resource://gre/modules/TelemetryEnvironment.jsm&quot;,&quot;lineNumber&quot;:507,&quot;stack&quot;:[&quot;resource://gre/modules/TelemetryEnvironment.jsm:init:507&quot;,&quot;resource://gre/modules/TelemetryEnvironment.jsm:EnvironmentCache:869&quot;,&quot;resource://gre/modules/TelemetryEnvironment.jsm:getGlobal:63&quot;,&quot;resource://gre/modules/TelemetryEnvironment.jsm:get currentEnvironment:70&quot;,&quot;jar:file:///usr/lib/firefox/omni.ja!/components/TelemetryStartup.js:annotateEnvironment:42&quot;,&quot;jar:file:///usr/lib/firefox/omni.ja!/components/TelemetryStartup.js:TelemetryStartup.prototype.observe:32&quot;]}]},{&quot;name&quot;:&quot;AddonRepository: async shutdown&quot;,&quot;state&quot;:&quot;pending&quot;}],&quot;filename&quot;:&quot;resource://gre/modules/AddonManager.jsm&quot;,&quot;lineNumber&quot;:889,&quot;stack&quot;:[&quot;resource://gre/modules/AddonManager.jsm:startup:889&quot;,&quot;resource://gre/modules/AddonManager.jsm:startup:3081&quot;,&quot;jar:file:///usr/lib/firefox/omni.ja!/components/addonManager.js:observe:65&quot;]}] Barrier: profile-before-change

Build info: version: &apos;2.45.0&apos;, revision: &apos;5017cb8e7ca8e37638dc3091b2440b90a1d8686f&apos;, time: &apos;2015-02-27 09:10:26&apos;
System info: host: &apos;RLE0468&apos;, ip: &apos;127.0.1.1&apos;, os.name: &apos;Linux&apos;, os.arch: &apos;amd64&apos;, os.version: &apos;4.10.0-19-generic&apos;, java.version: &apos;1.8.0_151&apos;
Driver info: driver.version: FirefoxDriver
	at org.openqa.selenium.firefox.internal.NewProfileExtensionConnection.start(NewProfileExtensionConnection.java:134)
	at org.openqa.selenium.firefox.FirefoxDriver.startClient(FirefoxDriver.java:246)
	at org.openqa.selenium.remote.RemoteWebDriver.&lt;init&gt;(RemoteWebDriver.java:114)
	at org.openqa.selenium.firefox.FirefoxDriver.&lt;init&gt;(FirefoxDriver.java:191)
	at org.openqa.selenium.firefox.FirefoxDriver.&lt;init&gt;(FirefoxDriver.java:186)
	at org.openqa.selenium.firefox.FirefoxDriver.&lt;init&gt;(FirefoxDriver.java:182)
	at org.openqa.selenium.firefox.FirefoxDriver.&lt;init&gt;(FirefoxDriver.java:95)
	at example.NewTest.testgooglrsearch(NewTest.java:16)
	at sun.reflect.NativeMethodAccessorImpl.invoke0(Native Method)
	at sun.reflect.NativeMethodAccessorImpl.invoke(NativeMethodAccessorImpl.java:62)
	at sun.reflect.DelegatingMethodAccessorImpl.invoke(DelegatingMethodAccessorImpl.java:43)
	at java.lang.reflect.Method.invoke(Method.java:498)
	at org.testng.internal.MethodInvocationHelper.invokeMethod(MethodInvocationHelper.java:80)
	at org.testng.internal.Invoker.invokeMethod(Invoker.java:714)
	at org.testng.internal.Invoker.invokeTestMethod(Invoker.java:901)
	at org.testng.internal.Invoker.invokeTestMethods(Invoker.java:1231)
	at org.testng.internal.TestMethodWorker.invokeTestMethods(TestMethodWorker.java:127)
	at org.testng.internal.TestMethodWorker.run(TestMethodWorker.java:111)
	at org.testng.TestRunner.privateRun(TestRunner.java:767)
	at org.testng.TestRunner.run(TestRunner.java:617)
	at org.testng.SuiteRunner.runTest(SuiteRunner.java:334)
	at org.testng.SuiteRunner.runSequentially(SuiteRunner.java:329)
	at org.testng.SuiteRunner.privateRun(SuiteRunner.java:291)
	at org.testng.SuiteRunner.run(SuiteRunner.java:240)
	at org.testng.SuiteRunnerWorker.runSuite(SuiteRunnerWorker.java:52)
	at org.testng.SuiteRunnerWorker.run(SuiteRunnerWorker.java:86)
	at org.testng.TestNG.runSuitesSequentially(TestNG.java:1198)
	at org.testng.TestNG.runSuitesLocally(TestNG.java:1123)
	at org.testng.TestNG.run(TestNG.java:1031)
	at org.testng.remote.AbstractRemoteTestNG.run(AbstractRemoteTestNG.java:114)
	at org.testng.remote.RemoteTestNG.initAndRun(RemoteTestNG.java:251)
	at org.testng.remote.RemoteTestNG.main(RemoteTestNG.java:77)
Caused by: org.openqa.selenium.WebDriverException: java.lang.InterruptedException: Process timed out after waiting for 45000 ms.
Build info: version: &apos;2.45.0&apos;, revision: &apos;5017cb8e7ca8e37638dc3091b2440b90a1d8686f&apos;, time: &apos;2015-02-27 09:10:26&apos;
System info: host: &apos;RLE0468&apos;, ip: &apos;127.0.1.1&apos;, os.name: &apos;Linux&apos;, os.arch: &apos;amd64&apos;, os.version: &apos;4.10.0-19-generic&apos;, java.version: &apos;1.8.0_151&apos;
Driver info: driver.version: FirefoxDriver
	at org.openqa.selenium.os.CommandLine.waitFor(CommandLine.java:131)
	at org.openqa.selenium.firefox.FirefoxBinary.waitFor(FirefoxBinary.java:222)
	at org.openqa.selenium.firefox.FirefoxBinary.clean(FirefoxBinary.java:242)
	at org.openqa.selenium.firefox.internal.NewProfileExtensionConnection.start(NewProfileExtensionConnection.java:91)
	... 31 more
Caused by: java.lang.InterruptedException: Process timed out after waiting for 45000 ms.
	at org.openqa.selenium.os.UnixProcess.waitFor(UnixProcess.java:148)
	at org.openqa.selenium.os.CommandLine.waitFor(CommandLine.java:129)
	... 34 more
</pre></div></td>
<td>45</td>
<td>example.NewTest@18be83e4</td></tr>
</table><p>
</body>
</html>