<!DOCTYPE html>

<html>
  <head>
  <title>TestNG reports</title>

    <link type="text/css" href="testng-reports.css" rel="stylesheet" />  
    <script type="text/javascript" src="jquery-1.7.1.min.js"></script>
    <script type="text/javascript" src="testng-reports.js"></script>
    <script type="text/javascript" src="https://www.google.com/jsapi"></script>
    <script type='text/javascript'>
      google.load('visualization', '1', {packages:['table']});
      google.setOnLoadCallback(drawTable);
      var suiteTableInitFunctions = new Array();
      var suiteTableData = new Array();
    </script>
    <!--
      <script type="text/javascript" src="jquery-ui/js/jquery-ui-1.8.16.custom.min.js"></script>
     -->
  </head>

  <body>
    <div class="top-banner-root">
      <span class="top-banner-title-font">Test results</span>
      <br/>
      <span class="top-banner-font-1">1 suite, 1 failed test</span>
    </div> <!-- top-banner-root -->
    <div class="navigator-root">
      <div class="navigator-suite-header">
        <span>All suites</span>
        <a href="#" class="collapse-all-link" title="Collapse/expand all the suites">
          <img class="collapse-all-icon" src="collapseall.gif">
          </img> <!-- collapse-all-icon -->
        </a> <!-- collapse-all-link -->
      </div> <!-- navigator-suite-header -->
      <div class="suite">
        <div class="rounded-window">
          <div class="suite-header light-rounded-window-top">
            <a href="#" class="navigator-link" panel-name="suite-Suite">
              <span class="suite-name border-failed">Suite</span>
            </a> <!-- navigator-link -->
          </div> <!-- suite-header light-rounded-window-top -->
          <div class="navigator-suite-content">
            <div class="suite-section-title">
              <span>Info</span>
            </div> <!-- suite-section-title -->
            <div class="suite-section-content">
              <ul>
                <li>
                  <a href="#" class="navigator-link " panel-name="test-xml-Suite">
                    <span>testng.xml</span>
                  </a> <!-- navigator-link  -->
                </li>
                <li>
                  <a href="#" class="navigator-link " panel-name="testlist-Suite">
                    <span class="test-stats">1 test</span>
                  </a> <!-- navigator-link  -->
                </li>
                <li>
                  <a href="#" class="navigator-link " panel-name="group-Suite">
                    <span>0 groups</span>
                  </a> <!-- navigator-link  -->
                </li>
                <li>
                  <a href="#" class="navigator-link " panel-name="times-Suite">
                    <span>Times</span>
                  </a> <!-- navigator-link  -->
                </li>
                <li>
                  <a href="#" class="navigator-link " panel-name="reporter-Suite">
                    <span>Reporter output</span>
                  </a> <!-- navigator-link  -->
                </li>
                <li>
                  <a href="#" class="navigator-link " panel-name="ignored-methods-Suite">
                    <span>Ignored methods</span>
                  </a> <!-- navigator-link  -->
                </li>
                <li>
                  <a href="#" class="navigator-link " panel-name="chronological-Suite">
                    <span>Chronological view</span>
                  </a> <!-- navigator-link  -->
                </li>
              </ul>
            </div> <!-- suite-section-content -->
            <div class="result-section">
              <div class="suite-section-title">
                <span>Results</span>
              </div> <!-- suite-section-title -->
              <div class="suite-section-content">
                <ul>
                  <li>
                    <span class="method-stats">1 method, 1 failed,   </span>
                  </li>
                  <li>
                    <span class="method-list-title failed">Failed methods</span>
                    <span class="show-or-hide-methods failed">
                      <a href="#" panel-name="suite-Suite" class="hide-methods failed suite-Suite"> (hide)</a> <!-- hide-methods failed suite-Suite -->
                      <a href="#" panel-name="suite-Suite" class="show-methods failed suite-Suite"> (show)</a> <!-- show-methods failed suite-Suite -->
                    </span>
                    <div class="method-list-content failed suite-Suite">
                      <span>
                        <img width="3%" src="failed.png"/>
                        <a href="#" class="method navigator-link" panel-name="suite-Suite" title="example.NewTest" hash-for-method="testgooglrsearch">testgooglrsearch</a> <!-- method navigator-link -->
                      </span>
                      <br/>
                    </div> <!-- method-list-content failed suite-Suite -->
                  </li>
                </ul>
              </div> <!-- suite-section-content -->
            </div> <!-- result-section -->
          </div> <!-- navigator-suite-content -->
        </div> <!-- rounded-window -->
      </div> <!-- suite -->
    </div> <!-- navigator-root -->
    <div class="wrapper">
      <div class="main-panel-root">
        <div panel-name="suite-Suite" class="panel Suite">
          <div class="suite-Suite-class-failed">
            <div class="main-panel-header rounded-window-top">
              <img src="failed.png"/>
              <span class="class-name">example.NewTest</span>
            </div> <!-- main-panel-header rounded-window-top -->
            <div class="main-panel-content rounded-window-bottom">
              <div class="method">
                <div class="method-content">
                  <a name="testgooglrsearch">
                  </a> <!-- testgooglrsearch -->
                  <span class="method-name">testgooglrsearch</span>
                  <div class="stack-trace"><b>"org.openqa.selenium.WebDriverException: Failed to connect to binary FirefoxBinary(/usr/bin/firefox) on port 7055; process output follows: 
rredSave.webext.sc.lz4	DEBUG	Save changes
1512664541713	DeferredSave.webext.sc.lz4	DEBUG	Save changes
1512664541714	DeferredSave.webext.sc.lz4	DEBUG	Save changes
1512664541715	DeferredSave.webext.sc.lz4	DEBUG	Save changes
1512664541716	DeferredSave.webext.sc.lz4	DEBUG	Save changes
1512664541716	DeferredSave.webext.sc.lz4	DEBUG	Save changes
1512664541717	DeferredSave.webext.sc.lz4	DEBUG	Save changes
1512664541717	DeferredSave.webext.sc.lz4	DEBUG	Save changes
1512664541719	DeferredSave.webext.sc.lz4	DEBUG	Save changes
1512664541719	DeferredSave.webext.sc.lz4	DEBUG	Save changes
1512664541720	DeferredSave.webext.sc.lz4	DEBUG	Save changes
1512664541722	DeferredSave.webext.sc.lz4	DEBUG	Save changes
1512664541722	DeferredSave.webext.sc.lz4	DEBUG	Save changes
1512664541724	DeferredSave.webext.sc.lz4	DEBUG	Save changes
1512664541726	DeferredSave.webext.sc.lz4	DEBUG	Save changes
1512664541727	DeferredSave.webext.sc.lz4	DEBUG	Save changes
1512664541729	DeferredSave.webext.sc.lz4	DEBUG	Save changes
1512664541733	DeferredSave.webext.sc.lz4	DEBUG	Save changes
1512664541766	DeferredSave.extensions.json	DEBUG	Write succeeded
1512664541766	addons.xpi-utils	DEBUG	XPI Database saved, setting schema version preference to 23
1512664541769	DeferredSave.addons.json	DEBUG	Write succeeded
1512664541774	DeferredSave.webext.sc.lz4	DEBUG	Write succeeded
1512664541774	DeferredSave.webext.sc.lz4	DEBUG	Starting timer
Extension error: Data is not ready. resource://gre/modules/JSONFile.jsm:158 :: get data@resource://gre/modules/JSONFile.jsm:158:13
_get@resource://gre/modules/ExtensionPermissions.jsm:61:9
observe@resource://gre/modules/AsyncShutdown.jsm:534:9

console.error: 
  Message: Error: Data is not ready.
  Stack:
    get data@resource://gre/modules/JSONFile.jsm:158:13
_get@resource://gre/modules/ExtensionPermissions.jsm:61:9
observe@resource://gre/modules/AsyncShutdown.jsm:534:9

*** UTM:SVC TimerManager:registerTimer called after profile-before-change notification. Ignoring timer registration for id: recipe-client-addon-run
1512664546778	DeferredSave.webext.sc.lz4	DEBUG	Starting write
1512664546781	DeferredSave.webext.sc.lz4	DEBUG	Write succeeded
WARNING: At least one completion condition is taking too long to complete. Conditions: [{&quot;name&quot;:&quot;EnvironmentAddonBuilder&quot;,&quot;state&quot;:&quot;(none)&quot;,&quot;filename&quot;:&quot;resource://gre/modules/TelemetryEnvironment.jsm&quot;,&quot;lineNumber&quot;:507,&quot;stack&quot;:[&quot;resource://gre/modules/TelemetryEnvironment.jsm:init:507&quot;,&quot;resource://gre/modules/TelemetryEnvironment.jsm:EnvironmentCache:869&quot;,&quot;resource://gre/modules/TelemetryEnvironment.jsm:getGlobal:63&quot;,&quot;resource://gre/modules/TelemetryEnvironment.jsm:get currentEnvironment:70&quot;,&quot;jar:file:///usr/lib/firefox/omni.ja!/components/TelemetryStartup.js:annotateEnvironment:42&quot;,&quot;jar:file:///usr/lib/firefox/omni.ja!/components/TelemetryStartup.js:TelemetryStartup.prototype.observe:32&quot;]}] Barrier: AddonManager: Waiting for providers to shut down.
WARNING: At least one completion condition is taking too long to complete. Conditions: [{&quot;name&quot;:&quot;AddonManager: shutting down.&quot;,&quot;state&quot;:[{&quot;name&quot;:&quot;AddonManager: Waiting for providers to shut down.&quot;,&quot;state&quot;:[{&quot;name&quot;:&quot;EnvironmentAddonBuilder&quot;,&quot;state&quot;:&quot;(none)&quot;,&quot;filename&quot;:&quot;resource://gre/modules/TelemetryEnvironment.jsm&quot;,&quot;lineNumber&quot;:507,&quot;stack&quot;:[&quot;resource://gre/modules/TelemetryEnvironment.jsm:init:507&quot;,&quot;resource://gre/modules/TelemetryEnvironment.jsm:EnvironmentCache:869&quot;,&quot;resource://gre/modules/TelemetryEnvironment.jsm:getGlobal:63&quot;,&quot;resource://gre/modules/TelemetryEnvironment.jsm:get currentEnvironment:70&quot;,&quot;jar:file:///usr/lib/firefox/omni.ja!/components/TelemetryStartup.js:annotateEnvironment:42&quot;,&quot;jar:file:///usr/lib/firefox/omni.ja!/components/TelemetryStartup.js:TelemetryStartup.prototype.observe:32&quot;]}]},{&quot;name&quot;:&quot;AddonRepository: async shutdown&quot;,&quot;state&quot;:&quot;pending&quot;}],&quot;filename&quot;:&quot;resource://gre/modules/AddonManager.jsm&quot;,&quot;lineNumber&quot;:889,&quot;stack&quot;:[&quot;resource://gre/modules/AddonManager.jsm:startup:889&quot;,&quot;resource://gre/modules/AddonManager.jsm:startup:3081&quot;,&quot;jar:file:///usr/lib/firefox/omni.ja!/components/addonManager.js:observe:65&quot;]}] Barrier: profile-before-change

Build info: version: &apos;2.45.0&apos;, revision: &apos;5017cb8e7ca8e37638dc3091b2440b90a1d8686f&apos;, time: &apos;2015-02-27 09:10:26&apos;
System info: host: &apos;RLE0468&apos;, ip: &apos;127.0.1.1&apos;, os.name: &apos;Linux&apos;, os.arch: &apos;amd64&apos;, os.version: &apos;4.10.0-19-generic&apos;, java.version: &apos;1.8.0_151&apos;
Driver info: driver.version: FirefoxDriver
	at org.openqa.selenium.firefox.internal.NewProfileExtensionConnection.start(NewProfileExtensionConnection.java:134)
	at org.openqa.selenium.firefox.FirefoxDriver.startClient(FirefoxDriver.java:246)
	at org.openqa.selenium.remote.RemoteWebDriver.&lt;init&gt;(RemoteWebDriver.java:114)
	at org.openqa.selenium.firefox.FirefoxDriver.&lt;init&gt;(FirefoxDriver.java:191)
	at org.openqa.selenium.firefox.FirefoxDriver.&lt;init&gt;(FirefoxDriver.java:186)
	at org.openqa.selenium.firefox.FirefoxDriver.&lt;init&gt;(FirefoxDriver.java:182)
	at org.openqa.selenium.firefox.FirefoxDriver.&lt;init&gt;(FirefoxDriver.java:95)
	at example.NewTest.testgooglrsearch(NewTest.java:16)
Caused by: org.openqa.selenium.WebDriverException: java.lang.InterruptedException: Process timed out after waiting for 45000 ms.
Build info: version: &apos;2.45.0&apos;, revision: &apos;5017cb8e7ca8e37638dc3091b2440b90a1d8686f&apos;, time: &apos;2015-02-27 09:10:26&apos;
System info: host: &apos;RLE0468&apos;, ip: &apos;127.0.1.1&apos;, os.name: &apos;Linux&apos;, os.arch: &apos;amd64&apos;, os.version: &apos;4.10.0-19-generic&apos;, java.version: &apos;1.8.0_151&apos;
Driver info: driver.version: FirefoxDriver
	at org.openqa.selenium.os.CommandLine.waitFor(CommandLine.java:131)
	at org.openqa.selenium.firefox.FirefoxBinary.waitFor(FirefoxBinary.java:222)
	at org.openqa.selenium.firefox.FirefoxBinary.clean(FirefoxBinary.java:242)
	at org.openqa.selenium.firefox.internal.NewProfileExtensionConnection.start(NewProfileExtensionConnection.java:91)
	... 31 more
Caused by: java.lang.InterruptedException: Process timed out after waiting for 45000 ms.
	at org.openqa.selenium.os.UnixProcess.waitFor(UnixProcess.java:148)
	at org.openqa.selenium.os.CommandLine.waitFor(CommandLine.java:129)
	... 34 more
... Removed 24 stack frames<br/> org.openqa.selenium.WebDriverException: Failed to connect to binary FirefoxBinary(/usr/bin/firefox) on port 7055; process output follows: 
rredSave.webext.sc.lz4	DEBUG	Save changes
1512664541713	DeferredSave.webext.sc.lz4	DEBUG	Save changes
1512664541714	DeferredSave.webext.sc.lz4	DEBUG	Save changes
1512664541715	DeferredSave.webext.sc.lz4	DEBUG	Save changes
1512664541716	DeferredSave.webext.sc.lz4	DEBUG	Save changes
1512664541716	DeferredSave.webext.sc.lz4	DEBUG	Save changes
1512664541717	DeferredSave.webext.sc.lz4	DEBUG	Save changes
1512664541717	DeferredSave.webext.sc.lz4	DEBUG	Save changes
1512664541719	DeferredSave.webext.sc.lz4	DEBUG	Save changes
1512664541719	DeferredSave.webext.sc.lz4	DEBUG	Save changes
1512664541720	DeferredSave.webext.sc.lz4	DEBUG	Save changes
1512664541722	DeferredSave.webext.sc.lz4	DEBUG	Save changes
1512664541722	DeferredSave.webext.sc.lz4	DEBUG	Save changes
1512664541724	DeferredSave.webext.sc.lz4	DEBUG	Save changes
1512664541726	DeferredSave.webext.sc.lz4	DEBUG	Save changes
1512664541727	DeferredSave.webext.sc.lz4	DEBUG	Save changes
1512664541729	DeferredSave.webext.sc.lz4	DEBUG	Save changes
1512664541733	DeferredSave.webext.sc.lz4	DEBUG	Save changes
1512664541766	DeferredSave.extensions.json	DEBUG	Write succeeded
1512664541766	addons.xpi-utils	DEBUG	XPI Database saved, setting schema version preference to 23
1512664541769	DeferredSave.addons.json	DEBUG	Write succeeded
1512664541774	DeferredSave.webext.sc.lz4	DEBUG	Write succeeded
1512664541774	DeferredSave.webext.sc.lz4	DEBUG	Starting timer
Extension error: Data is not ready. resource://gre/modules/JSONFile.jsm:158 :: get data@resource://gre/modules/JSONFile.jsm:158:13
_get@resource://gre/modules/ExtensionPermissions.jsm:61:9
observe@resource://gre/modules/AsyncShutdown.jsm:534:9

console.error: 
  Message: Error: Data is not ready.
  Stack:
    get data@resource://gre/modules/JSONFile.jsm:158:13
_get@resource://gre/modules/ExtensionPermissions.jsm:61:9
observe@resource://gre/modules/AsyncShutdown.jsm:534:9

*** UTM:SVC TimerManager:registerTimer called after profile-before-change notification. Ignoring timer registration for id: recipe-client-addon-run
1512664546778	DeferredSave.webext.sc.lz4	DEBUG	Starting write
1512664546781	DeferredSave.webext.sc.lz4	DEBUG	Write succeeded
WARNING: At least one completion condition is taking too long to complete. Conditions: [{&quot;name&quot;:&quot;EnvironmentAddonBuilder&quot;,&quot;state&quot;:&quot;(none)&quot;,&quot;filename&quot;:&quot;resource://gre/modules/TelemetryEnvironment.jsm&quot;,&quot;lineNumber&quot;:507,&quot;stack&quot;:[&quot;resource://gre/modules/TelemetryEnvironment.jsm:init:507&quot;,&quot;resource://gre/modules/TelemetryEnvironment.jsm:EnvironmentCache:869&quot;,&quot;resource://gre/modules/TelemetryEnvironment.jsm:getGlobal:63&quot;,&quot;resource://gre/modules/TelemetryEnvironment.jsm:get currentEnvironment:70&quot;,&quot;jar:file:///usr/lib/firefox/omni.ja!/components/TelemetryStartup.js:annotateEnvironment:42&quot;,&quot;jar:file:///usr/lib/firefox/omni.ja!/components/TelemetryStartup.js:TelemetryStartup.prototype.observe:32&quot;]}] Barrier: AddonManager: Waiting for providers to shut down.
WARNING: At least one completion condition is taking too long to complete. Conditions: [{&quot;name&quot;:&quot;AddonManager: shutting down.&quot;,&quot;state&quot;:[{&quot;name&quot;:&quot;AddonManager: Waiting for providers to shut down.&quot;,&quot;state&quot;:[{&quot;name&quot;:&quot;EnvironmentAddonBuilder&quot;,&quot;state&quot;:&quot;(none)&quot;,&quot;filename&quot;:&quot;resource://gre/modules/TelemetryEnvironment.jsm&quot;,&quot;lineNumber&quot;:507,&quot;stack&quot;:[&quot;resource://gre/modules/TelemetryEnvironment.jsm:init:507&quot;,&quot;resource://gre/modules/TelemetryEnvironment.jsm:EnvironmentCache:869&quot;,&quot;resource://gre/modules/TelemetryEnvironment.jsm:getGlobal:63&quot;,&quot;resource://gre/modules/TelemetryEnvironment.jsm:get currentEnvironment:70&quot;,&quot;jar:file:///usr/lib/firefox/omni.ja!/components/TelemetryStartup.js:annotateEnvironment:42&quot;,&quot;jar:file:///usr/lib/firefox/omni.ja!/components/TelemetryStartup.js:TelemetryStartup.prototype.observe:32&quot;]}]},{&quot;name&quot;:&quot;AddonRepository: async shutdown&quot;,&quot;state&quot;:&quot;pending&quot;}],&quot;filename&quot;:&quot;resource://gre/modules/AddonManager.jsm&quot;,&quot;lineNumber&quot;:889,&quot;stack&quot;:[&quot;resource://gre/modules/AddonManager.jsm:startup:889&quot;,&quot;resource://gre/modules/AddonManager.jsm:startup:3081&quot;,&quot;jar:file:///usr/lib/firefox/omni.ja!/components/addonManager.js:observe:65&quot;]}] Barrier: profile-before-change

Build info: version: &apos;2.45.0&apos;, revision: &apos;5017cb8e7ca8e37638dc3091b2440b90a1d8686f&apos;, time: &apos;2015-02-27 09:10:26&apos;
System info: host: &apos;RLE0468&apos;, ip: &apos;127.0.1.1&apos;, os.name: &apos;Linux&apos;, os.arch: &apos;amd64&apos;, os.version: &apos;4.10.0-19-generic&apos;, java.version: &apos;1.8.0_151&apos;
Driver info: driver.version: FirefoxDriver
	at org.openqa.selenium.firefox.internal.NewProfileExtensionConnection.start(NewProfileExtensionConnection.java:134)
	at org.openqa.selenium.firefox.FirefoxDriver.startClient(FirefoxDriver.java:246)
	at org.openqa.selenium.remote.RemoteWebDriver.&lt;init&gt;(RemoteWebDriver.java:114)
	at org.openqa.selenium.firefox.FirefoxDriver.&lt;init&gt;(FirefoxDriver.java:191)
	at org.openqa.selenium.firefox.FirefoxDriver.&lt;init&gt;(FirefoxDriver.java:186)
	at org.openqa.selenium.firefox.FirefoxDriver.&lt;init&gt;(FirefoxDriver.java:182)
	at org.openqa.selenium.firefox.FirefoxDriver.&lt;init&gt;(FirefoxDriver.java:95)
	at example.NewTest.testgooglrsearch(NewTest.java:16)
	at sun.reflect.NativeMethodAccessorImpl.invoke0(Native Method)
	at sun.reflect.NativeMethodAccessorImpl.invoke(NativeMethodAccessorImpl.java:62)
	at sun.reflect.DelegatingMethodAccessorImpl.invoke(DelegatingMethodAccessorImpl.java:43)
	at java.lang.reflect.Method.invoke(Method.java:498)
	at org.testng.internal.MethodInvocationHelper.invokeMethod(MethodInvocationHelper.java:80)
	at org.testng.internal.Invoker.invokeMethod(Invoker.java:714)
	at org.testng.internal.Invoker.invokeTestMethod(Invoker.java:901)
	at org.testng.internal.Invoker.invokeTestMethods(Invoker.java:1231)
	at org.testng.internal.TestMethodWorker.invokeTestMethods(TestMethodWorker.java:127)
	at org.testng.internal.TestMethodWorker.run(TestMethodWorker.java:111)
	at org.testng.TestRunner.privateRun(TestRunner.java:767)
	at org.testng.TestRunner.run(TestRunner.java:617)
	at org.testng.SuiteRunner.runTest(SuiteRunner.java:334)
	at org.testng.SuiteRunner.runSequentially(SuiteRunner.java:329)
	at org.testng.SuiteRunner.privateRun(SuiteRunner.java:291)
	at org.testng.SuiteRunner.run(SuiteRunner.java:240)
	at org.testng.SuiteRunnerWorker.runSuite(SuiteRunnerWorker.java:52)
	at org.testng.SuiteRunnerWorker.run(SuiteRunnerWorker.java:86)
	at org.testng.TestNG.runSuitesSequentially(TestNG.java:1198)
	at org.testng.TestNG.runSuitesLocally(TestNG.java:1123)
	at org.testng.TestNG.run(TestNG.java:1031)
	at org.testng.remote.AbstractRemoteTestNG.run(AbstractRemoteTestNG.java:114)
	at org.testng.remote.RemoteTestNG.initAndRun(RemoteTestNG.java:251)
	at org.testng.remote.RemoteTestNG.main(RemoteTestNG.java:77)
Caused by: org.openqa.selenium.WebDriverException: java.lang.InterruptedException: Process timed out after waiting for 45000 ms.
Build info: version: &apos;2.45.0&apos;, revision: &apos;5017cb8e7ca8e37638dc3091b2440b90a1d8686f&apos;, time: &apos;2015-02-27 09:10:26&apos;
System info: host: &apos;RLE0468&apos;, ip: &apos;127.0.1.1&apos;, os.name: &apos;Linux&apos;, os.arch: &apos;amd64&apos;, os.version: &apos;4.10.0-19-generic&apos;, java.version: &apos;1.8.0_151&apos;
Driver info: driver.version: FirefoxDriver
	at org.openqa.selenium.os.CommandLine.waitFor(CommandLine.java:131)
	at org.openqa.selenium.firefox.FirefoxBinary.waitFor(FirefoxBinary.java:222)
	at org.openqa.selenium.firefox.FirefoxBinary.clean(FirefoxBinary.java:242)
	at org.openqa.selenium.firefox.internal.NewProfileExtensionConnection.start(NewProfileExtensionConnection.java:91)
	... 31 more
Caused by: java.lang.InterruptedException: Process timed out after waiting for 45000 ms.
	at org.openqa.selenium.os.UnixProcess.waitFor(UnixProcess.java:148)
	at org.openqa.selenium.os.CommandLine.waitFor(CommandLine.java:129)
	... 34 more
"</b><br>org.openqa.selenium.firefox.internal.NewProfileExtensionConnection.start(NewProfileExtensionConnection.java:134)<br>org.openqa.selenium.firefox.FirefoxDriver.startClient(FirefoxDriver.java:246)<br>org.openqa.selenium.remote.RemoteWebDriver.<init>(RemoteWebDriver.java:114)<br>org.openqa.selenium.firefox.FirefoxDriver.<init>(FirefoxDriver.java:191)<br>org.openqa.selenium.firefox.FirefoxDriver.<init>(FirefoxDriver.java:186)<br>org.openqa.selenium.firefox.FirefoxDriver.<init>(FirefoxDriver.java:182)<br>org.openqa.selenium.firefox.FirefoxDriver.<init>(FirefoxDriver.java:95)<br>example.NewTest.testgooglrsearch(NewTest.java:16)<br>sun.reflect.NativeMethodAccessorImpl.invoke0(Native Method)<br>sun.reflect.NativeMethodAccessorImpl.invoke(NativeMethodAccessorImpl.java:62)<br>sun.reflect.DelegatingMethodAccessorImpl.invoke(DelegatingMethodAccessorImpl.java:43)<br>java.lang.reflect.Method.invoke(Method.java:498)<br>org.testng.internal.MethodInvocationHelper.invokeMethod(MethodInvocationHelper.java:80)<br>org.testng.internal.Invoker.invokeMethod(Invoker.java:714)<br>org.testng.internal.Invoker.invokeTestMethod(Invoker.java:901)<br>org.testng.internal.Invoker.invokeTestMethods(Invoker.java:1231)<br>org.testng.internal.TestMethodWorker.invokeTestMethods(TestMethodWorker.java:127)<br>org.testng.internal.TestMethodWorker.run(TestMethodWorker.java:111)<br>org.testng.TestRunner.privateRun(TestRunner.java:767)<br>org.testng.TestRunner.run(TestRunner.java:617)<br>org.testng.SuiteRunner.runTest(SuiteRunner.java:334)<br>org.testng.SuiteRunner.runSequentially(SuiteRunner.java:329)<br>org.testng.SuiteRunner.privateRun(SuiteRunner.java:291)<br>org.testng.SuiteRunner.run(SuiteRunner.java:240)<br>org.testng.SuiteRunnerWorker.runSuite(SuiteRunnerWorker.java:52)<br>org.testng.SuiteRunnerWorker.run(SuiteRunnerWorker.java:86)<br>org.testng.TestNG.runSuitesSequentially(TestNG.java:1198)<br>org.testng.TestNG.runSuitesLocally(TestNG.java:1123)<br>org.testng.TestNG.run(TestNG.java:1031)<br>org.testng.remote.AbstractRemoteTestNG.run(AbstractRemoteTestNG.java:114)<br>org.testng.remote.RemoteTestNG.initAndRun(RemoteTestNG.java:251)<br>org.testng.remote.RemoteTestNG.main(RemoteTestNG.java:77)<br>
</div> <!-- stack-trace -->
                </div> <!-- method-content -->
              </div> <!-- method -->
            </div> <!-- main-panel-content rounded-window-bottom -->
          </div> <!-- suite-Suite-class-failed -->
        </div> <!-- panel Suite -->
        <div panel-name="test-xml-Suite" class="panel">
          <div class="main-panel-header rounded-window-top">
            <span class="header-content">/home/rle0468/workspace/MavenProject/testng.xml</span>
          </div> <!-- main-panel-header rounded-window-top -->
          <div class="main-panel-content rounded-window-bottom">
            <pre>
&lt;?xml version=&quot;1.0&quot; encoding=&quot;UTF-8&quot;?&gt;
&lt;!DOCTYPE suite SYSTEM &quot;http://testng.org/testng-1.0.dtd&quot;&gt;
&lt;suite name=&quot;Suite&quot;&gt;
  &lt;test thread-count=&quot;5&quot; name=&quot;Test&quot;&gt;
    &lt;classes&gt;
      &lt;class name=&quot;example.NewTest&quot;/&gt;
    &lt;/classes&gt;
  &lt;/test&gt; &lt;!-- Test --&gt;
&lt;/suite&gt; &lt;!-- Suite --&gt;
            </pre>
          </div> <!-- main-panel-content rounded-window-bottom -->
        </div> <!-- panel -->
        <div panel-name="testlist-Suite" class="panel">
          <div class="main-panel-header rounded-window-top">
            <span class="header-content">Tests for Suite</span>
          </div> <!-- main-panel-header rounded-window-top -->
          <div class="main-panel-content rounded-window-bottom">
            <ul>
              <li>
                <span class="test-name">Test (1 class)</span>
              </li>
            </ul>
          </div> <!-- main-panel-content rounded-window-bottom -->
        </div> <!-- panel -->
        <div panel-name="group-Suite" class="panel">
          <div class="main-panel-header rounded-window-top">
            <span class="header-content">Groups for Suite</span>
          </div> <!-- main-panel-header rounded-window-top -->
          <div class="main-panel-content rounded-window-bottom">
          </div> <!-- main-panel-content rounded-window-bottom -->
        </div> <!-- panel -->
        <div panel-name="times-Suite" class="panel">
          <div class="main-panel-header rounded-window-top">
            <span class="header-content">Times for Suite</span>
          </div> <!-- main-panel-header rounded-window-top -->
          <div class="main-panel-content rounded-window-bottom">
            <div class="times-div">
              <script type="text/javascript">
suiteTableInitFunctions.push('tableData_Suite');
function tableData_Suite() {
var data = new google.visualization.DataTable();
data.addColumn('number', 'Number');
data.addColumn('string', 'Method');
data.addColumn('string', 'Class');
data.addColumn('number', 'Time (ms)');
data.addRows(1);
data.setCell(0, 0, 0)
data.setCell(0, 1, 'testgooglrsearch')
data.setCell(0, 2, 'example.NewTest')
data.setCell(0, 3, 45620);
window.suiteTableData['Suite']= { tableData: data, tableDiv: 'times-div-Suite'}
return data;
}
              </script>
              <span class="suite-total-time">Total running time: 45 seconds</span>
              <div id="times-div-Suite">
              </div> <!-- times-div-Suite -->
            </div> <!-- times-div -->
          </div> <!-- main-panel-content rounded-window-bottom -->
        </div> <!-- panel -->
        <div panel-name="reporter-Suite" class="panel">
          <div class="main-panel-header rounded-window-top">
            <span class="header-content">Reporter output for Suite</span>
          </div> <!-- main-panel-header rounded-window-top -->
          <div class="main-panel-content rounded-window-bottom">
          </div> <!-- main-panel-content rounded-window-bottom -->
        </div> <!-- panel -->
        <div panel-name="ignored-methods-Suite" class="panel">
          <div class="main-panel-header rounded-window-top">
            <span class="header-content">0 ignored methods</span>
          </div> <!-- main-panel-header rounded-window-top -->
          <div class="main-panel-content rounded-window-bottom">
          </div> <!-- main-panel-content rounded-window-bottom -->
        </div> <!-- panel -->
        <div panel-name="chronological-Suite" class="panel">
          <div class="main-panel-header rounded-window-top">
            <span class="header-content">Methods in chronological order</span>
          </div> <!-- main-panel-header rounded-window-top -->
          <div class="main-panel-content rounded-window-bottom">
            <div class="chronological-class">
              <div class="chronological-class-name">example.NewTest</div> <!-- chronological-class-name -->
              <div class="test-method">
                <img src="failed.png">
                </img>
                <span class="method-name">testgooglrsearch</span>
                <span class="method-start">0 ms</span>
              </div> <!-- test-method -->
          </div> <!-- main-panel-content rounded-window-bottom -->
        </div> <!-- panel -->
      </div> <!-- main-panel-root -->
    </div> <!-- wrapper -->
  </body>
</html>
