<?xml version="1.0" encoding="UTF-8"?>
<testng-results skipped="0" failed="1" total="1" passed="0">
  <reporter-output>
  </reporter-output>
  <suite name="Suite" duration-ms="45642" started-at="2017-12-07T16:35:39Z" finished-at="2017-12-07T16:36:25Z">
    <groups>
    </groups>
    <test name="Test" duration-ms="45642" started-at="2017-12-07T16:35:39Z" finished-at="2017-12-07T16:36:25Z">
      <class name="example.NewTest">
        <test-method status="FAIL" signature="testgooglrsearch()[pri:0, instance:example.NewTest@18be83e4]" name="testgooglrsearch" duration-ms="45620" started-at="2017-12-07T22:05:39Z" finished-at="2017-12-07T22:06:25Z">
          <exception class="org.openqa.selenium.WebDriverException">
            <message>
              <![CDATA[Failed to connect to binary FirefoxBinary(/usr/bin/firefox) on port 7055; process output follows: 
rredSave.webext.sc.lz4	DEBUG	Save changes
1512664541713	DeferredSave.webext.sc.lz4	DEBUG	Save changes
1512664541714	DeferredSave.webext.sc.lz4	DEBUG	Save changes
1512664541715	DeferredSave.webext.sc.lz4	DEBUG	Save changes
1512664541716	DeferredSave.webext.sc.lz4	DEBUG	Save changes
1512664541716	DeferredSave.webext.sc.lz4	DEBUG	Save changes
1512664541717	DeferredSave.webext.sc.lz4	DEBUG	Save changes
1512664541717	DeferredSave.webext.sc.lz4	DEBUG	Save changes
1512664541719	DeferredSave.webext.sc.lz4	DEBUG	Save changes
1512664541719	DeferredSave.webext.sc.lz4	DEBUG	Save changes
1512664541720	DeferredSave.webext.sc.lz4	DEBUG	Save changes
1512664541722	DeferredSave.webext.sc.lz4	DEBUG	Save changes
1512664541722	DeferredSave.webext.sc.lz4	DEBUG	Save changes
1512664541724	DeferredSave.webext.sc.lz4	DEBUG	Save changes
1512664541726	DeferredSave.webext.sc.lz4	DEBUG	Save changes
1512664541727	DeferredSave.webext.sc.lz4	DEBUG	Save changes
1512664541729	DeferredSave.webext.sc.lz4	DEBUG	Save changes
1512664541733	DeferredSave.webext.sc.lz4	DEBUG	Save changes
1512664541766	DeferredSave.extensions.json	DEBUG	Write succeeded
1512664541766	addons.xpi-utils	DEBUG	XPI Database saved, setting schema version preference to 23
1512664541769	DeferredSave.addons.json	DEBUG	Write succeeded
1512664541774	DeferredSave.webext.sc.lz4	DEBUG	Write succeeded
1512664541774	DeferredSave.webext.sc.lz4	DEBUG	Starting timer
Extension error: Data is not ready. resource://gre/modules/JSONFile.jsm:158 :: get data@resource://gre/modules/JSONFile.jsm:158:13
_get@resource://gre/modules/ExtensionPermissions.jsm:61:9
observe@resource://gre/modules/AsyncShutdown.jsm:534:9

console.error: 
  Message: Error: Data is not ready.
  Stack:
    get data@resource://gre/modules/JSONFile.jsm:158:13
_get@resource://gre/modules/ExtensionPermissions.jsm:61:9
observe@resource://gre/modules/AsyncShutdown.jsm:534:9

*** UTM:SVC TimerManager:registerTimer called after profile-before-change notification. Ignoring timer registration for id: recipe-client-addon-run
1512664546778	DeferredSave.webext.sc.lz4	DEBUG	Starting write
1512664546781	DeferredSave.webext.sc.lz4	DEBUG	Write succeeded
WARNING: At least one completion condition is taking too long to complete. Conditions: [{"name":"EnvironmentAddonBuilder","state":"(none)","filename":"resource://gre/modules/TelemetryEnvironment.jsm","lineNumber":507,"stack":["resource://gre/modules/TelemetryEnvironment.jsm:init:507","resource://gre/modules/TelemetryEnvironment.jsm:EnvironmentCache:869","resource://gre/modules/TelemetryEnvironment.jsm:getGlobal:63","resource://gre/modules/TelemetryEnvironment.jsm:get currentEnvironment:70","jar:file:///usr/lib/firefox/omni.ja!/components/TelemetryStartup.js:annotateEnvironment:42","jar:file:///usr/lib/firefox/omni.ja!/components/TelemetryStartup.js:TelemetryStartup.prototype.observe:32"]}] Barrier: AddonManager: Waiting for providers to shut down.
WARNING: At least one completion condition is taking too long to complete. Conditions: [{"name":"AddonManager: shutting down.","state":[{"name":"AddonManager: Waiting for providers to shut down.","state":[{"name":"EnvironmentAddonBuilder","state":"(none)","filename":"resource://gre/modules/TelemetryEnvironment.jsm","lineNumber":507,"stack":["resource://gre/modules/TelemetryEnvironment.jsm:init:507","resource://gre/modules/TelemetryEnvironment.jsm:EnvironmentCache:869","resource://gre/modules/TelemetryEnvironment.jsm:getGlobal:63","resource://gre/modules/TelemetryEnvironment.jsm:get currentEnvironment:70","jar:file:///usr/lib/firefox/omni.ja!/components/TelemetryStartup.js:annotateEnvironment:42","jar:file:///usr/lib/firefox/omni.ja!/components/TelemetryStartup.js:TelemetryStartup.prototype.observe:32"]}]},{"name":"AddonRepository: async shutdown","state":"pending"}],"filename":"resource://gre/modules/AddonManager.jsm","lineNumber":889,"stack":["resource://gre/modules/AddonManager.jsm:startup:889","resource://gre/modules/AddonManager.jsm:startup:3081","jar:file:///usr/lib/firefox/omni.ja!/components/addonManager.js:observe:65"]}] Barrier: profile-before-change

Build info: version: '2.45.0', revision: '5017cb8e7ca8e37638dc3091b2440b90a1d8686f', time: '2015-02-27 09:10:26'
System info: host: 'RLE0468', ip: '127.0.1.1', os.name: 'Linux', os.arch: 'amd64', os.version: '4.10.0-19-generic', java.version: '1.8.0_151'
Driver info: driver.version: FirefoxDriver]]>
            </message>
            <full-stacktrace>
              <![CDATA[org.openqa.selenium.WebDriverException: Failed to connect to binary FirefoxBinary(/usr/bin/firefox) on port 7055; process output follows: 
rredSave.webext.sc.lz4	DEBUG	Save changes
1512664541713	DeferredSave.webext.sc.lz4	DEBUG	Save changes
1512664541714	DeferredSave.webext.sc.lz4	DEBUG	Save changes
1512664541715	DeferredSave.webext.sc.lz4	DEBUG	Save changes
1512664541716	DeferredSave.webext.sc.lz4	DEBUG	Save changes
1512664541716	DeferredSave.webext.sc.lz4	DEBUG	Save changes
1512664541717	DeferredSave.webext.sc.lz4	DEBUG	Save changes
1512664541717	DeferredSave.webext.sc.lz4	DEBUG	Save changes
1512664541719	DeferredSave.webext.sc.lz4	DEBUG	Save changes
1512664541719	DeferredSave.webext.sc.lz4	DEBUG	Save changes
1512664541720	DeferredSave.webext.sc.lz4	DEBUG	Save changes
1512664541722	DeferredSave.webext.sc.lz4	DEBUG	Save changes
1512664541722	DeferredSave.webext.sc.lz4	DEBUG	Save changes
1512664541724	DeferredSave.webext.sc.lz4	DEBUG	Save changes
1512664541726	DeferredSave.webext.sc.lz4	DEBUG	Save changes
1512664541727	DeferredSave.webext.sc.lz4	DEBUG	Save changes
1512664541729	DeferredSave.webext.sc.lz4	DEBUG	Save changes
1512664541733	DeferredSave.webext.sc.lz4	DEBUG	Save changes
1512664541766	DeferredSave.extensions.json	DEBUG	Write succeeded
1512664541766	addons.xpi-utils	DEBUG	XPI Database saved, setting schema version preference to 23
1512664541769	DeferredSave.addons.json	DEBUG	Write succeeded
1512664541774	DeferredSave.webext.sc.lz4	DEBUG	Write succeeded
1512664541774	DeferredSave.webext.sc.lz4	DEBUG	Starting timer
Extension error: Data is not ready. resource://gre/modules/JSONFile.jsm:158 :: get data@resource://gre/modules/JSONFile.jsm:158:13
_get@resource://gre/modules/ExtensionPermissions.jsm:61:9
observe@resource://gre/modules/AsyncShutdown.jsm:534:9

console.error: 
  Message: Error: Data is not ready.
  Stack:
    get data@resource://gre/modules/JSONFile.jsm:158:13
_get@resource://gre/modules/ExtensionPermissions.jsm:61:9
observe@resource://gre/modules/AsyncShutdown.jsm:534:9

*** UTM:SVC TimerManager:registerTimer called after profile-before-change notification. Ignoring timer registration for id: recipe-client-addon-run
1512664546778	DeferredSave.webext.sc.lz4	DEBUG	Starting write
1512664546781	DeferredSave.webext.sc.lz4	DEBUG	Write succeeded
WARNING: At least one completion condition is taking too long to complete. Conditions: [{"name":"EnvironmentAddonBuilder","state":"(none)","filename":"resource://gre/modules/TelemetryEnvironment.jsm","lineNumber":507,"stack":["resource://gre/modules/TelemetryEnvironment.jsm:init:507","resource://gre/modules/TelemetryEnvironment.jsm:EnvironmentCache:869","resource://gre/modules/TelemetryEnvironment.jsm:getGlobal:63","resource://gre/modules/TelemetryEnvironment.jsm:get currentEnvironment:70","jar:file:///usr/lib/firefox/omni.ja!/components/TelemetryStartup.js:annotateEnvironment:42","jar:file:///usr/lib/firefox/omni.ja!/components/TelemetryStartup.js:TelemetryStartup.prototype.observe:32"]}] Barrier: AddonManager: Waiting for providers to shut down.
WARNING: At least one completion condition is taking too long to complete. Conditions: [{"name":"AddonManager: shutting down.","state":[{"name":"AddonManager: Waiting for providers to shut down.","state":[{"name":"EnvironmentAddonBuilder","state":"(none)","filename":"resource://gre/modules/TelemetryEnvironment.jsm","lineNumber":507,"stack":["resource://gre/modules/TelemetryEnvironment.jsm:init:507","resource://gre/modules/TelemetryEnvironment.jsm:EnvironmentCache:869","resource://gre/modules/TelemetryEnvironment.jsm:getGlobal:63","resource://gre/modules/TelemetryEnvironment.jsm:get currentEnvironment:70","jar:file:///usr/lib/firefox/omni.ja!/components/TelemetryStartup.js:annotateEnvironment:42","jar:file:///usr/lib/firefox/omni.ja!/components/TelemetryStartup.js:TelemetryStartup.prototype.observe:32"]}]},{"name":"AddonRepository: async shutdown","state":"pending"}],"filename":"resource://gre/modules/AddonManager.jsm","lineNumber":889,"stack":["resource://gre/modules/AddonManager.jsm:startup:889","resource://gre/modules/AddonManager.jsm:startup:3081","jar:file:///usr/lib/firefox/omni.ja!/components/addonManager.js:observe:65"]}] Barrier: profile-before-change

Build info: version: '2.45.0', revision: '5017cb8e7ca8e37638dc3091b2440b90a1d8686f', time: '2015-02-27 09:10:26'
System info: host: 'RLE0468', ip: '127.0.1.1', os.name: 'Linux', os.arch: 'amd64', os.version: '4.10.0-19-generic', java.version: '1.8.0_151'
Driver info: driver.version: FirefoxDriver
	at org.openqa.selenium.firefox.internal.NewProfileExtensionConnection.start(NewProfileExtensionConnection.java:134)
	at org.openqa.selenium.firefox.FirefoxDriver.startClient(FirefoxDriver.java:246)
	at org.openqa.selenium.remote.RemoteWebDriver.<init>(RemoteWebDriver.java:114)
	at org.openqa.selenium.firefox.FirefoxDriver.<init>(FirefoxDriver.java:191)
	at org.openqa.selenium.firefox.FirefoxDriver.<init>(FirefoxDriver.java:186)
	at org.openqa.selenium.firefox.FirefoxDriver.<init>(FirefoxDriver.java:182)
	at org.openqa.selenium.firefox.FirefoxDriver.<init>(FirefoxDriver.java:95)
	at example.NewTest.testgooglrsearch(NewTest.java:16)
	at sun.reflect.NativeMethodAccessorImpl.invoke0(Native Method)
	at sun.reflect.NativeMethodAccessorImpl.invoke(NativeMethodAccessorImpl.java:62)
	at sun.reflect.DelegatingMethodAccessorImpl.invoke(DelegatingMethodAccessorImpl.java:43)
	at java.lang.reflect.Method.invoke(Method.java:498)
	at org.testng.internal.MethodInvocationHelper.invokeMethod(MethodInvocationHelper.java:80)
	at org.testng.internal.Invoker.invokeMethod(Invoker.java:714)
	at org.testng.internal.Invoker.invokeTestMethod(Invoker.java:901)
	at org.testng.internal.Invoker.invokeTestMethods(Invoker.java:1231)
	at org.testng.internal.TestMethodWorker.invokeTestMethods(TestMethodWorker.java:127)
	at org.testng.internal.TestMethodWorker.run(TestMethodWorker.java:111)
	at org.testng.TestRunner.privateRun(TestRunner.java:767)
	at org.testng.TestRunner.run(TestRunner.java:617)
	at org.testng.SuiteRunner.runTest(SuiteRunner.java:334)
	at org.testng.SuiteRunner.runSequentially(SuiteRunner.java:329)
	at org.testng.SuiteRunner.privateRun(SuiteRunner.java:291)
	at org.testng.SuiteRunner.run(SuiteRunner.java:240)
	at org.testng.SuiteRunnerWorker.runSuite(SuiteRunnerWorker.java:52)
	at org.testng.SuiteRunnerWorker.run(SuiteRunnerWorker.java:86)
	at org.testng.TestNG.runSuitesSequentially(TestNG.java:1198)
	at org.testng.TestNG.runSuitesLocally(TestNG.java:1123)
	at org.testng.TestNG.run(TestNG.java:1031)
	at org.testng.remote.AbstractRemoteTestNG.run(AbstractRemoteTestNG.java:114)
	at org.testng.remote.RemoteTestNG.initAndRun(RemoteTestNG.java:251)
	at org.testng.remote.RemoteTestNG.main(RemoteTestNG.java:77)
Caused by: org.openqa.selenium.WebDriverException: java.lang.InterruptedException: Process timed out after waiting for 45000 ms.
Build info: version: '2.45.0', revision: '5017cb8e7ca8e37638dc3091b2440b90a1d8686f', time: '2015-02-27 09:10:26'
System info: host: 'RLE0468', ip: '127.0.1.1', os.name: 'Linux', os.arch: 'amd64', os.version: '4.10.0-19-generic', java.version: '1.8.0_151'
Driver info: driver.version: FirefoxDriver
	at org.openqa.selenium.os.CommandLine.waitFor(CommandLine.java:131)
	at org.openqa.selenium.firefox.FirefoxBinary.waitFor(FirefoxBinary.java:222)
	at org.openqa.selenium.firefox.FirefoxBinary.clean(FirefoxBinary.java:242)
	at org.openqa.selenium.firefox.internal.NewProfileExtensionConnection.start(NewProfileExtensionConnection.java:91)
	... 31 more
Caused by: java.lang.InterruptedException: Process timed out after waiting for 45000 ms.
	at org.openqa.selenium.os.UnixProcess.waitFor(UnixProcess.java:148)
	at org.openqa.selenium.os.CommandLine.waitFor(CommandLine.java:129)
	... 34 more
]]>
            </full-stacktrace>
          </exception> <!-- org.openqa.selenium.WebDriverException -->
          <reporter-output>
          </reporter-output>
        </test-method> <!-- testgooglrsearch -->
      </class> <!-- example.NewTest -->
    </test> <!-- Test -->
  </suite> <!-- Suite -->
</testng-results>
